生成启动时间为 2018/7/24 16:41:30。
     1>项目“E:\SVN\Code3\MyStopWatch\MyStopWatch\MyStopWatch.vcxproj”在节点 2 上(build 个目标)。
     1>PrepareForBuild:
         正在创建目录“E:\SVN\Code3\MyStopWatch\Win32\Debug\”。
       InitializeBuildStatus:
         正在创建“Debug\MyStopWatch.unsuccessfulbuild”，因为已指定“AlwaysCreate”。
       CustomBuild:
         所有输出均为最新。
       ClCompile:
         所有输出均为最新。
         所有输出均为最新。
       Link:
         D:\Program Files (x86)\Microsoft Visual Studio 10.0\VC\bin\link.exe /ERRORREPORT:PROMPT /OUT:"E:\SVN\Code3\MyStopWatch\Win32\Debug\\MyStopWatch.exe" /NOLOGO /LIBPATH:D:\Qt\Qt5.1.1\5.1.1\msvc2010\lib qtmaind.lib Qt5Cored.lib Qt5Guid.lib Qt5Widgetsd.lib kernel32.lib user32.lib gdi32.lib winspool.lib comdlg32.lib advapi32.lib shell32.lib ole32.lib oleaut32.lib uuid.lib odbc32.lib odbccp32.lib /MANIFEST /ManifestFile:"Debug\MyStopWatch.exe.intermediate.manifest" /MANIFESTUAC:"level='asInvoker' uiAccess='false'" /DEBUG /PDB:"E:\SVN\Code3\MyStopWatch\Win32\Debug\MyStopWatch.pdb" /SUBSYSTEM:WINDOWS /TLBID:1 /DYNAMICBASE /NXCOMPAT /IMPLIB:"E:\SVN\Code3\MyStopWatch\Win32\Debug\MyStopWatch.lib" /MACHINE:X86 Debug\moc_mystopwatch.obj
         Debug\qrc_mystopwatch.obj
         Debug\main.obj
         Debug\mystopwatch.obj
         MyStopWatch.vcxproj -> E:\SVN\Code3\MyStopWatch\Win32\Debug\MyStopWatch.exe
       Manifest:
         c:\Program Files (x86)\Microsoft SDKs\Windows\v7.0A\bin\mt.exe /nologo /verbose /outputresource:"E:\SVN\Code3\MyStopWatch\Win32\Debug\\MyStopWatch.exe;#1" /manifest Debug\MyStopWatch.exe.intermediate.manifest
       FinalizeBuildStatus:
         正在删除文件“Debug\MyStopWatch.unsuccessfulbuild”。
         正在对“Debug\MyStopWatch.lastbuildstate”执行 Touch 任务。
     1>已完成生成项目“E:\SVN\Code3\MyStopWatch\MyStopWatch\MyStopWatch.vcxproj”(build 个目标)的操作。

生成成功。

已用时间 00:00:01.08
